c:\users\aaronli\documents\github\c-big_project\agar.io\proj.win32\debug.win32\agar.io.lib
c:\users\aaronli\documents\github\c-big_project\agar.io\proj.win32\debug.win32\agar.io.exp
c:\users\aaronli\documents\github\c-big_project\agar.io\proj.win32\agar.io.cab
c:\users\aaronli\documents\github\c-big_project\agar.io\proj.win32\debug.win32\helloworldscene.obj
c:\users\aaronli\documents\github\c-big_project\agar.io\proj.win32\debug.win32\main.obj
c:\users\aaronli\documents\github\c-big_project\agar.io\proj.win32\debug.win32\appdelegate.obj
c:\users\aaronli\documents\github\c-big_project\agar.io\proj.win32\debug.win32\vc140.pdb
c:\users\aaronli\documents\github\c-big_project\agar.io\proj.win32\debug.win32\agar.io.ilk
c:\users\aaronli\documents\github\c-big_project\agar.io\proj.win32\debug.win32\agar.io.exe
c:\users\aaronli\documents\github\c-big_project\agar.io\proj.win32\debug.win32\agar.io.pdb
c:\users\aaronli\documents\github\c-big_project\agar.io\proj.win32\debug.win32\game.res
c:\users\aaronli\documents\github\c-big_project\agar.io\proj.win32\debug.win32\libcocos2d.exp
c:\users\aaronli\documents\github\c-big_project\agar.io\proj.win32\debug.win32\vc140.idb
c:\users\aaronli\documents\github\c-big_project\agar.io\proj.win32\debug.win32\libbox2d.pdb
c:\users\aaronli\documents\github\c-big_project\agar.io\proj.win32\debug.win32\libbullet.pdb
c:\users\aaronli\documents\github\c-big_project\agar.io\proj.win32\debug.win32\libcocos2d.pdb
c:\users\aaronli\documents\github\c-big_project\agar.io\proj.win32\debug.win32\librecast.pdb
c:\users\aaronli\documents\github\c-big_project\agar.io\proj.win32\debug.win32\libspine.pdb
c:\users\aaronli\documents\github\c-big_project\agar.io\proj.win32\debug.win32\agar.io.tlog\agar.io.write.1u.tlog
c:\users\aaronli\documents\github\c-big_project\agar.io\proj.win32\debug.win32\agar.io.tlog\cl.command.1.tlog
c:\users\aaronli\documents\github\c-big_project\agar.io\proj.win32\debug.win32\agar.io.tlog\cl.read.1.tlog
c:\users\aaronli\documents\github\c-big_project\agar.io\proj.win32\debug.win32\agar.io.tlog\cl.write.1.tlog
c:\users\aaronli\documents\github\c-big_project\agar.io\proj.win32\debug.win32\agar.io.tlog\link.command.1.tlog
c:\users\aaronli\documents\github\c-big_project\agar.io\proj.win32\debug.win32\agar.io.tlog\link.read.1.tlog
c:\users\aaronli\documents\github\c-big_project\agar.io\proj.win32\debug.win32\agar.io.tlog\link.write.1.tlog
c:\users\aaronli\documents\github\c-big_project\agar.io\proj.win32\debug.win32\agar.io.tlog\rc.command.1.tlog
c:\users\aaronli\documents\github\c-big_project\agar.io\proj.win32\debug.win32\agar.io.tlog\rc.read.1.tlog
c:\users\aaronli\documents\github\c-big_project\agar.io\proj.win32\debug.win32\agar.io.tlog\rc.write.1.tlog
